<?xml version="1.0" encoding="UTF-8"?>
<!-- Generated by org.testng.reporters.JUnitXMLReporter -->
<testsuite ignored="3" hostname="LAPTOP-92EUTB0V" failures="0" tests="1" name="Default test" time="8.727" errors="0" timestamp="2024-08-03T15:56:34 IST">
  <testcase classname="APIScenarios.AuthenticationDemo" name="oAuth2Test" time="8.644"/>
  <testcase classname="APIScenarios.AuthenticationDemo" name="basicAuth" time="0.0">
    <ignored/>
  </testcase> <!-- basicAuth -->
  <testcase classname="APIScenarios.AuthenticationDemo" name="digestAuth" time="0.0">
    <ignored/>
  </testcase> <!-- digestAuth -->
  <testcase classname="APIScenarios.AuthenticationDemo" name="bearerTokenAuth" time="0.0">
    <ignored/>
  </testcase> <!-- bearerTokenAuth -->
</testsuite> <!-- Default test -->
