<?xml version="1.0" encoding="UTF-8"?>
<testng-results ignored="3" total="4" passed="1" failed="0" skipped="0">
  <reporter-output>
  </reporter-output>
  <suite started-at="2024-08-03T15:56:25 IST" name="Default suite" finished-at="2024-08-03T15:56:34 IST" duration-ms="8727">
    <groups>
    </groups>
    <test started-at="2024-08-03T15:56:25 IST" name="Default test" finished-at="2024-08-03T15:56:34 IST" duration-ms="8727">
      <class name="APIScenarios.AuthenticationDemo">
        <test-method signature="oAuth2Test()[pri:4, instance:APIScenarios.AuthenticationDemo@5b239d7d]" started-at="2024-08-03T15:56:25 IST" name="oAuth2Test" finished-at="2024-08-03T15:56:34 IST" duration-ms="8644" status="PASS">
          <reporter-output>
          </reporter-output>
        </test-method> <!-- oAuth2Test -->
      </class> <!-- APIScenarios.AuthenticationDemo -->
    </test> <!-- Default test -->
  </suite> <!-- Default suite -->
</testng-results>
